{
  "stats": {
    "suites": 1,
    "tests": 1,
    "passes": 1,
    "pending": 0,
    "failures": 0,
    "start": "2020-12-05T09:56:01.595Z",
    "end": "2020-12-05T09:56:03.340Z",
    "duration": 1745,
    "testsRegistered": 1,
    "passPercent": 100,
    "pendingPercent": 0,
    "other": 0,
    "hasOther": false,
    "skipped": 0,
    "hasSkipped": false
  },
  "results": [
    {
      "uuid": "8633517e-f6c1-4622-8dd1-ac7980652df1",
      "title": "",
      "fullFile": "cypress\\integration\\Demo.js",
      "file": "cypress\\integration\\Demo.js",
      "beforeHooks": [],
      "afterHooks": [],
      "tests": [],
      "suites": [
        {
          "uuid": "a8c9d6c4-b50f-41f0-80ca-e83a41111e82",
          "title": "MicroServices",
          "fullFile": "",
          "file": "",
          "beforeHooks": [],
          "afterHooks": [],
          "tests": [
            {
              "title": "Click Info",
              "fullTitle": "MicroServices Click Info",
              "timedOut": null,
              "duration": 1686,
              "state": "passed",
              "speed": "slow",
              "pass": true,
              "fail": false,
              "pending": false,
              "context": null,
              "code": "cy.request({\n  method: 'GET',\n  url: this.data.url,\n  headers: {\n    'Authorization': 'Basic YWRtaW46TGljaHRlbmF1Nzc4Mzk='\n  }\n}).then(function (resp) {\n  expect(resp.status).to.eq(200);\n});",
              "err": {},
              "uuid": "f959e8c7-0f70-40e5-9146-6f51b16f8c5a",
              "parentUUID": "a8c9d6c4-b50f-41f0-80ca-e83a41111e82",
              "isHook": false,
              "skipped": false
            }
          ],
          "suites": [],
          "passes": [
            "f959e8c7-0f70-40e5-9146-6f51b16f8c5a"
          ],
          "failures": [],
          "pending": [],
          "skipped": [],
          "duration": 1686,
          "root": false,
          "rootEmpty": false,
          "_timeout": 2000
        }
      ],
      "passes": [],
      "failures": [],
      "pending": [],
      "skipped": [],
      "duration": 0,
      "root": true,
      "rootEmpty": true,
      "_timeout": 2000
    }
  ],
  "meta": {
    "mocha": {
      "version": "7.0.1"
    },
    "mochawesome": {
      "options": {
        "quiet": false,
        "reportFilename": "mochawesome",
        "saveHtml": true,
        "saveJson": true,
        "consoleReporter": "spec",
        "useInlineDiffs": false,
        "code": true
      },
      "version": "6.2.1"
    },
    "marge": {
      "options": {
        "reporterOptions": {
          "reporterDir": "cypress/report/mochawesome-report",
          "overwrite": false,
          "html": true,
          "json": true,
          "timestamp": "mmddyyyy_HHMMss"
        }
      },
      "version": "5.1.0"
    }
  }
}