{
  "stats": {
    "suites": 1,
    "tests": 1,
    "passes": 0,
    "pending": 0,
    "failures": 1,
    "start": "2021-02-17T09:39:42.460Z",
    "end": "2021-02-17T09:39:43.127Z",
    "duration": 667,
    "testsRegistered": 1,
    "passPercent": 0,
    "pendingPercent": 0,
    "other": 0,
    "hasOther": false,
    "skipped": 0,
    "hasSkipped": false
  },
  "results": [
    {
      "uuid": "3f583b51-89c5-4020-8ff4-c15972600c4a",
      "title": "",
      "fullFile": "cypress\\integration\\View_Documents\\List_Documents.js",
      "file": "cypress\\integration\\View_Documents\\List_Documents.js",
      "beforeHooks": [],
      "afterHooks": [],
      "tests": [],
      "suites": [
        {
          "uuid": "917d8e3a-1aec-4a19-ab5f-b4d40e7fe947",
          "title": "Portal_1041",
          "fullFile": "",
          "file": "",
          "beforeHooks": [],
          "afterHooks": [],
          "tests": [
            {
              "title": "Acceptance Creteria for upload documents",
              "fullTitle": "Portal_1041 Acceptance Creteria for upload documents",
              "timedOut": null,
              "duration": 523,
              "state": "failed",
              "speed": null,
              "pass": false,
              "fail": true,
              "pending": false,
              "context": null,
              "code": "cy.visit(Cypress.env('portalUrl'));\ncy.wait(5000);\ncy.get('#userIconId').click();\ncy.get(':nth-child(5) > .dropdown-menu > li > .dropdown-item').click();\ncy.wait(5000);\ncy.get('input[class=\"form-control\"][tabindex=\"1\"]').type('oomishade@ofcom.org.uk.lpe2');\ncy.get('input[class=\"form-control\"][tabindex=\"2\"]').type('Password.123');\ncy.get('.btn.btn-default').click(); //cy.get('[href=\"/portal/product/index\"] > span').click()\n//cy.get('.dropdown:nth-child(3) > .nav-link').click();\ncy.wait(5000); //cy.get('.dropdown:nth-child(3) > .nav-link').click();\ncy.get('nav > ul > li:nth-child(2) > a > span').click();\ncy.get(':nth-child(2) > ul > :nth-child(1) > a > span').click();\ncy.get('a > div > :nth-child(1)').click();\ncy.get('.bubble > ul > li > a > span').click();\ncy.get(':nth-child(3) > .button > span').click();",
              "err": {
                "message": "CypressError: `cy.visit()` must be called with a `url` or an `options` object containing a `url` as its 1st argument\n\nhttps://on.cypress.io/visit",
                "estack": "CypressError: `cy.visit()` must be called with a `url` or an `options` object containing a `url` as its 1st argument\n\nhttps://on.cypress.io/visit\n    at Context.visit (https://dev.myspectra.app/__cypress/runner/cypress_runner.js:157447:19)\nFrom Your Spec Code:\n    at Context.eval (https://dev.myspectra.app/__cypress/tests?p=cypress\\integration\\View_Documents\\List_Documents.js:106:8)",
                "diff": null
              },
              "uuid": "f6907f24-22c7-4c88-9467-ebf2ef9ccbc8",
              "parentUUID": "917d8e3a-1aec-4a19-ab5f-b4d40e7fe947",
              "isHook": false,
              "skipped": false
            }
          ],
          "suites": [],
          "passes": [],
          "failures": [
            "f6907f24-22c7-4c88-9467-ebf2ef9ccbc8"
          ],
          "pending": [],
          "skipped": [],
          "duration": 523,
          "root": false,
          "rootEmpty": false,
          "_timeout": 2000
        }
      ],
      "passes": [],
      "failures": [],
      "pending": [],
      "skipped": [],
      "duration": 0,
      "root": true,
      "rootEmpty": true,
      "_timeout": 2000
    }
  ],
  "meta": {
    "mocha": {
      "version": "7.0.1"
    },
    "mochawesome": {
      "options": {
        "quiet": false,
        "reportFilename": "mochawesome",
        "saveHtml": true,
        "saveJson": true,
        "consoleReporter": "spec",
        "useInlineDiffs": false,
        "code": true
      },
      "version": "6.2.1"
    },
    "marge": {
      "options": null,
      "version": "5.1.0"
    }
  }
}